[2026-05-26 14:44:39,351:INFO:logging is implemented]
[2026-05-29 00:59:01,823:INFO:yaml file: config\config.yaml loaded successfully]
[2026-05-29 00:59:02,056:INFO:yaml file: params.yaml loaded successfully]
[2026-05-29 00:59:02,088:INFO:created directory at: artifacts]
[2026-05-29 00:59:02,134:INFO:created directory at: artifacts/data_ingestion]
[2026-05-29 00:59:55,746:INFO:yaml file: config\config.yaml loaded successfully]
[2026-05-29 00:59:55,836:INFO:yaml file: params.yaml loaded successfully]
[2026-05-29 00:59:55,836:INFO:created directory at: artifacts]
[2026-05-29 00:59:55,836:INFO:created directory at: artifacts/data_ingestion]
[2026-05-29 01:00:27,267:INFO:yaml file: config\config.yaml loaded successfully]
[2026-05-29 01:00:27,272:INFO:yaml file: params.yaml loaded successfully]
[2026-05-29 01:00:27,274:INFO:created directory at: artifacts]
[2026-05-29 01:00:27,275:INFO:created directory at: artifacts/data_ingestion]
[2026-05-29 01:01:04,830:INFO:yaml file: config\config.yaml loaded successfully]
[2026-05-29 01:01:04,832:INFO:yaml file: params.yaml loaded successfully]
[2026-05-29 01:01:04,836:INFO:created directory at: artifacts]
[2026-05-29 01:01:04,838:INFO:created directory at: artifacts/data_ingestion]
[2026-05-29 01:01:07,319:INFO:artifacts\data_ingestion\data.zip downloaded with following info: 
Connection: close
Content-Length: 7903594
Cache-Control: max-age=300
Content-Security-Policy: default-src 'none'; style-src 'unsafe-inline'; sandbox
Content-Type: application/zip
ETag: "dbc016a060da18070593b83afff580c9b300f0b6ea4147a7988433e04df246ca"
Strict-Transport-Security: max-age=31536000
X-Content-Type-Options: nosniff
X-Frame-Options: deny
X-XSS-Protection: 1; mode=block
X-GitHub-Request-Id: 53C0:1D34F6:119E6B1:1576357:6A191D92
Accept-Ranges: bytes
Date: Fri, 29 May 2026 05:01:06 GMT
Via: 1.1 varnish
X-Served-By: cache-bos-kbos510050-BOS
X-Cache: MISS
X-Cache-Hits: 0
X-Timer: S1780030867.511966,VS0,VE144
Vary: Authorization,Accept-Encoding
Access-Control-Allow-Origin: *
Cross-Origin-Resource-Policy: cross-origin
X-Fastly-Request-ID: dfaa7516f0eb31447e38525016576e137b8c3055
Expires: Fri, 29 May 2026 05:06:06 GMT
Source-Age: 0

]
[2026-05-29 01:01:08,956:INFO:File extracted at: artifacts\data_ingestion]
[2026-05-29 01:02:07,859:INFO:yaml file: config\config.yaml loaded successfully]
[2026-05-29 01:02:07,860:INFO:yaml file: params.yaml loaded successfully]
[2026-05-29 01:02:07,864:INFO:created directory at: artifacts]
[2026-05-29 01:02:07,868:INFO:created directory at: artifacts/data_ingestion]
[2026-05-29 01:02:07,951:INFO:File already exists of size: 7.54 MB]
[2026-05-29 01:02:08,100:INFO:File extracted at: artifacts\data_ingestion]
[2026-05-29 01:25:32,027:INFO:stage Data Ingestion Stage initiated]
[2026-05-29 01:25:32,027:INFO:yaml file: config\config.yaml loaded successfully]
[2026-05-29 01:25:32,027:INFO:yaml file: params.yaml loaded successfully]
[2026-05-29 01:25:32,027:INFO:created directory at: artifacts]
[2026-05-29 01:25:32,027:INFO:created directory at: artifacts/data_ingestion]
[2026-05-29 01:25:32,027:INFO:yaml file: config\config.yaml loaded successfully]
[2026-05-29 01:25:32,027:INFO:yaml file: params.yaml loaded successfully]
[2026-05-29 01:25:32,027:INFO:created directory at: artifacts]
[2026-05-29 01:25:32,033:INFO:created directory at: artifacts/data_ingestion]
[2026-05-29 01:25:33,644:INFO:artifacts\data_ingestion\data.zip downloaded with following info: 
Connection: close
Content-Length: 7903594
Cache-Control: max-age=300
Content-Security-Policy: default-src 'none'; style-src 'unsafe-inline'; sandbox
Content-Type: application/zip
ETag: "dbc016a060da18070593b83afff580c9b300f0b6ea4147a7988433e04df246ca"
Strict-Transport-Security: max-age=31536000
X-Content-Type-Options: nosniff
X-Frame-Options: deny
X-XSS-Protection: 1; mode=block
X-GitHub-Request-Id: 6154:470AA:4C7BCC:5D784A:6A19234A
Accept-Ranges: bytes
Date: Fri, 29 May 2026 05:25:33 GMT
Via: 1.1 varnish
X-Served-By: cache-bos-kbos510030-BOS
X-Cache: MISS
X-Cache-Hits: 0
X-Timer: S1780032333.204604,VS0,VE70
Vary: Authorization,Accept-Encoding
Access-Control-Allow-Origin: *
Cross-Origin-Resource-Policy: cross-origin
X-Fastly-Request-ID: 862310d587f754c21bea6bd096d6f9fbf6a0b501
Expires: Fri, 29 May 2026 05:30:33 GMT
Source-Age: 0

]
[2026-05-29 01:25:33,895:INFO:File extracted at: artifacts\data_ingestion]
[2026-05-29 01:25:33,895:INFO:>>>>> stage Data Ingestion Stage completed!<<<<<

x==========x]
